<?xml version="1.0" encoding="UTF-8"?>
<!-- Generated by org.testng.reporters.JUnitReportReporter -->
<testsuite hostname="retina.dellroad.org" name="org.dellroad.stuff.pobj.PersistentObjectTest" tests="2" failures="0" timestamp="25 Aug 2015 16:17:32 GMT" time="0.366" errors="0">
  <testcase name="testBasic" time="0.315" classname="org.dellroad.stuff.pobj.PersistentObjectTest"/>
  <testcase name="testErrorUpdate" time="0.051" classname="org.dellroad.stuff.pobj.PersistentObjectTest"/>
</testsuite> <!-- org.dellroad.stuff.pobj.PersistentObjectTest -->
