<?xml version="1.0" encoding="UTF-8"?>
<!-- Generated by org.testng.reporters.JUnitReportReporter -->
<testsuite hostname="retina.dellroad.org" name="org.dellroad.stuff.xml.IndentXMLStreamWriterTest" tests="7" failures="0" timestamp="12 Feb 2016 22:11:04 GMT" time="0.020" errors="0">
  <testcase name="testIndent" time="0.003" classname="org.dellroad.stuff.xml.IndentXMLStreamWriterTest"/>
  <testcase name="testIndent" time="0.003" classname="org.dellroad.stuff.xml.IndentXMLStreamWriterTest"/>
  <testcase name="testIndent" time="0.003" classname="org.dellroad.stuff.xml.IndentXMLStreamWriterTest"/>
  <testcase name="testIndent" time="0.003" classname="org.dellroad.stuff.xml.IndentXMLStreamWriterTest"/>
  <testcase name="testIndent" time="0.002" classname="org.dellroad.stuff.xml.IndentXMLStreamWriterTest"/>
  <testcase name="testIndent" time="0.004" classname="org.dellroad.stuff.xml.IndentXMLStreamWriterTest"/>
  <testcase name="testIndent" time="0.002" classname="org.dellroad.stuff.xml.IndentXMLStreamWriterTest"/>
</testsuite> <!-- org.dellroad.stuff.xml.IndentXMLStreamWriterTest -->
