<?xml version="1.0" encoding="UTF-8"?>
<!-- Generated by org.testng.reporters.JUnitReportReporter -->
<testsuite hostname="retina.dellroad.org" name="org.dellroad.stuff.pobj.UpdatesXMLStreamTest" tests="3" failures="0" timestamp="29 Sep 2015 22:33:37 GMT" time="0.026" errors="0">
  <testcase name="test" time="0.012" classname="org.dellroad.stuff.pobj.UpdatesXMLStreamTest"/>
  <testcase name="test" time="0.007" classname="org.dellroad.stuff.pobj.UpdatesXMLStreamTest"/>
  <testcase name="test" time="0.007" classname="org.dellroad.stuff.pobj.UpdatesXMLStreamTest"/>
</testsuite> <!-- org.dellroad.stuff.pobj.UpdatesXMLStreamTest -->
