<?xml version="1.0" encoding="UTF-8"?>
<!-- Generated by org.testng.reporters.JUnitReportReporter -->
<testsuite hostname="retina.dellroad.org" name="org.dellroad.stuff.string.VersionComparatorTest" tests="76" failures="0" timestamp="29 Sep 2015 22:33:37 GMT" time="0.016" errors="0">
  <testcase name="compareVersions" time="0.000" classname="org.dellroad.stuff.string.VersionComparatorTest"/>
  <testcase name="compareVersions" time="0.001" classname="org.dellroad.stuff.string.VersionComparatorTest"/>
  <testcase name="compareVersions" time="0.000" classname="org.dellroad.stuff.string.VersionComparatorTest"/>
  <testcase name="compareVersions" time="0.000" classname="org.dellroad.stuff.string.VersionComparatorTest"/>
  <testcase name="compareVersions" time="0.000" classname="org.dellroad.stuff.string.VersionComparatorTest"/>
  <testcase name="compareVersions" time="0.000" classname="org.dellroad.stuff.string.VersionComparatorTest"/>
  <testcase name="compareVersions" time="0.000" classname="org.dellroad.stuff.string.VersionComparatorTest"/>
  <testcase name="compareVersions" time="0.000" classname="org.dellroad.stuff.string.VersionComparatorTest"/>
  <testcase name="compareVersions" time="0.000" classname="org.dellroad.stuff.string.VersionComparatorTest"/>
  <testcase name="compareVersions" time="0.000" classname="org.dellroad.stuff.string.VersionComparatorTest"/>
  <testcase name="compareVersions" time="0.000" classname="org.dellroad.stuff.string.VersionComparatorTest"/>
  <testcase name="compareVersions" time="0.000" classname="org.dellroad.stuff.string.VersionComparatorTest"/>
  <testcase name="compareVersions" time="0.000" classname="org.dellroad.stuff.string.VersionComparatorTest"/>
  <testcase name="compareVersions" time="0.001" classname="org.dellroad.stuff.string.VersionComparatorTest"/>
  <testcase name="compareVersions" time="0.000" classname="org.dellroad.stuff.string.VersionComparatorTest"/>
  <testcase name="compareVersions" time="0.000" classname="org.dellroad.stuff.string.VersionComparatorTest"/>
  <testcase name="compareVersions" time="0.001" classname="org.dellroad.stuff.string.VersionComparatorTest"/>
  <testcase name="compareVersions" time="0.001" classname="org.dellroad.stuff.string.VersionComparatorTest"/>
  <testcase name="compareVersions" time="0.001" classname="org.dellroad.stuff.string.VersionComparatorTest"/>
  <testcase name="compareVersions" time="0.000" classname="org.dellroad.stuff.string.VersionComparatorTest"/>
  <testcase name="compareVersions" time="0.001" classname="org.dellroad.stuff.string.VersionComparatorTest"/>
  <testcase name="compareVersions" time="0.000" classname="org.dellroad.stuff.string.VersionComparatorTest"/>
  <testcase name="compareVersions" time="0.001" classname="org.dellroad.stuff.string.VersionComparatorTest"/>
  <testcase name="compareVersions" time="0.000" classname="org.dellroad.stuff.string.VersionComparatorTest"/>
  <testcase name="compareVersions" time="0.000" classname="org.dellroad.stuff.string.VersionComparatorTest"/>
  <testcase name="compareVersions" time="0.001" classname="org.dellroad.stuff.string.VersionComparatorTest"/>
  <testcase name="compareVersions" time="0.000" classname="org.dellroad.stuff.string.VersionComparatorTest"/>
  <testcase name="compareVersions" time="0.000" classname="org.dellroad.stuff.string.VersionComparatorTest"/>
  <testcase name="compareVersions" time="0.000" classname="org.dellroad.stuff.string.VersionComparatorTest"/>
  <testcase name="compareVersions" time="0.000" classname="org.dellroad.stuff.string.VersionComparatorTest"/>
  <testcase name="compareVersions" time="0.000" classname="org.dellroad.stuff.string.VersionComparatorTest"/>
  <testcase name="compareVersions" time="0.001" classname="org.dellroad.stuff.string.VersionComparatorTest"/>
  <testcase name="compareVersions" time="0.000" classname="org.dellroad.stuff.string.VersionComparatorTest"/>
  <testcase name="compareVersions" time="0.000" classname="org.dellroad.stuff.string.VersionComparatorTest"/>
  <testcase name="compareVersions" time="0.000" classname="org.dellroad.stuff.string.VersionComparatorTest"/>
  <testcase name="compareVersions" time="0.000" classname="org.dellroad.stuff.string.VersionComparatorTest"/>
  <testcase name="compareVersions" time="0.000" classname="org.dellroad.stuff.string.VersionComparatorTest"/>
  <testcase name="compareVersions" time="0.000" classname="org.dellroad.stuff.string.VersionComparatorTest"/>
  <testcase name="compareVersions" time="0.000" classname="org.dellroad.stuff.string.VersionComparatorTest"/>
  <testcase name="compareVersions" time="0.001" classname="org.dellroad.stuff.string.VersionComparatorTest"/>
  <testcase name="compareVersions" time="0.000" classname="org.dellroad.stuff.string.VersionComparatorTest"/>
  <testcase name="compareVersions" time="0.000" classname="org.dellroad.stuff.string.VersionComparatorTest"/>
  <testcase name="compareVersions" time="0.000" classname="org.dellroad.stuff.string.VersionComparatorTest"/>
  <testcase name="compareVersions" time="0.000" classname="org.dellroad.stuff.string.VersionComparatorTest"/>
  <testcase name="compareVersions" time="0.000" classname="org.dellroad.stuff.string.VersionComparatorTest"/>
  <testcase name="compareVersions" time="0.000" classname="org.dellroad.stuff.string.VersionComparatorTest"/>
  <testcase name="compareVersions" time="0.001" classname="org.dellroad.stuff.string.VersionComparatorTest"/>
  <testcase name="compareVersions" time="0.000" classname="org.dellroad.stuff.string.VersionComparatorTest"/>
  <testcase name="compareVersions" time="0.000" classname="org.dellroad.stuff.string.VersionComparatorTest"/>
  <testcase name="compareVersions" time="0.000" classname="org.dellroad.stuff.string.VersionComparatorTest"/>
  <testcase name="compareVersions" time="0.000" classname="org.dellroad.stuff.string.VersionComparatorTest"/>
  <testcase name="compareVersions" time="0.000" classname="org.dellroad.stuff.string.VersionComparatorTest"/>
  <testcase name="compareVersions" time="0.000" classname="org.dellroad.stuff.string.VersionComparatorTest"/>
  <testcase name="compareVersions" time="0.000" classname="org.dellroad.stuff.string.VersionComparatorTest"/>
  <testcase name="compareVersions" time="0.000" classname="org.dellroad.stuff.string.VersionComparatorTest"/>
  <testcase name="compareVersions" time="0.000" classname="org.dellroad.stuff.string.VersionComparatorTest"/>
  <testcase name="compareVersions" time="0.000" classname="org.dellroad.stuff.string.VersionComparatorTest"/>
  <testcase name="compareVersions" time="0.000" classname="org.dellroad.stuff.string.VersionComparatorTest"/>
  <testcase name="compareVersions" time="0.000" classname="org.dellroad.stuff.string.VersionComparatorTest"/>
  <testcase name="compareVersions" time="0.001" classname="org.dellroad.stuff.string.VersionComparatorTest"/>
  <testcase name="compareVersions" time="0.000" classname="org.dellroad.stuff.string.VersionComparatorTest"/>
  <testcase name="compareVersions" time="0.000" classname="org.dellroad.stuff.string.VersionComparatorTest"/>
  <testcase name="compareVersions" time="0.000" classname="org.dellroad.stuff.string.VersionComparatorTest"/>
  <testcase name="compareVersions" time="0.001" classname="org.dellroad.stuff.string.VersionComparatorTest"/>
  <testcase name="compareVersions" time="0.001" classname="org.dellroad.stuff.string.VersionComparatorTest"/>
  <testcase name="compareVersions" time="0.000" classname="org.dellroad.stuff.string.VersionComparatorTest"/>
  <testcase name="compareVersions" time="0.001" classname="org.dellroad.stuff.string.VersionComparatorTest"/>
  <testcase name="compareVersions" time="0.000" classname="org.dellroad.stuff.string.VersionComparatorTest"/>
  <testcase name="compareVersions" time="0.001" classname="org.dellroad.stuff.string.VersionComparatorTest"/>
  <testcase name="compareVersions" time="0.000" classname="org.dellroad.stuff.string.VersionComparatorTest"/>
  <testcase name="compareVersions" time="0.000" classname="org.dellroad.stuff.string.VersionComparatorTest"/>
  <testcase name="compareVersions" time="0.000" classname="org.dellroad.stuff.string.VersionComparatorTest"/>
  <testcase name="compareVersions" time="0.000" classname="org.dellroad.stuff.string.VersionComparatorTest"/>
  <testcase name="compareVersions" time="0.000" classname="org.dellroad.stuff.string.VersionComparatorTest"/>
  <testcase name="compareVersions" time="0.000" classname="org.dellroad.stuff.string.VersionComparatorTest"/>
  <testcase name="compareVersions" time="0.000" classname="org.dellroad.stuff.string.VersionComparatorTest"/>
</testsuite> <!-- org.dellroad.stuff.string.VersionComparatorTest -->
