<?xml version="1.0" encoding="UTF-8"?>
<!-- Generated by org.testng.reporters.JUnitReportReporter -->
<testsuite hostname="retina.dellroad.org" name="org.dellroad.stuff.java.ProcessRunnerTest" tests="1" failures="0" timestamp="24 Aug 2015 15:22:26 GMT" time="0.021" errors="0">
  <testcase name="testProcessRunner" time="0.021" classname="org.dellroad.stuff.java.ProcessRunnerTest"/>
</testsuite> <!-- org.dellroad.stuff.java.ProcessRunnerTest -->
