<?xml version="1.0" encoding="UTF-8"?>
<!-- Generated by org.testng.reporters.JUnitReportReporter -->
<testsuite hostname="retina.dellroad.org" name="org.dellroad.stuff.pobj.PersistentObjectTest" tests="2" failures="0" timestamp="12 Feb 2016 22:11:04 GMT" time="0.413" errors="0">
  <testcase name="testErrorUpdate" time="0.051" classname="org.dellroad.stuff.pobj.PersistentObjectTest"/>
  <testcase name="testBasic" time="0.362" classname="org.dellroad.stuff.pobj.PersistentObjectTest"/>
</testsuite> <!-- org.dellroad.stuff.pobj.PersistentObjectTest -->
