<?xml version="1.0" encoding="UTF-8"?>
<!-- Generated by org.testng.reporters.JUnitReportReporter -->
<testsuite hostname="retina.dellroad.org" name="org.dellroad.stuff.java.PrimitiveTest" tests="30" failures="0" timestamp="12 Feb 2016 22:11:04 GMT" time="0.980" errors="0">
  <testcase name="testPrimitive" time="0.318" classname="org.dellroad.stuff.java.PrimitiveTest"/>
  <testcase name="testName" time="0.000" classname="org.dellroad.stuff.java.PrimitiveTest"/>
  <testcase name="testPrimitive" time="0.111" classname="org.dellroad.stuff.java.PrimitiveTest"/>
  <testcase name="testPrimitive" time="0.071" classname="org.dellroad.stuff.java.PrimitiveTest"/>
  <testcase name="testName" time="0.000" classname="org.dellroad.stuff.java.PrimitiveTest"/>
  <testcase name="testPrimitiveParse" time="0.000" classname="org.dellroad.stuff.java.PrimitiveTest"/>
  <testcase name="testPrimitiveParse" time="0.000" classname="org.dellroad.stuff.java.PrimitiveTest"/>
  <testcase name="testName" time="0.000" classname="org.dellroad.stuff.java.PrimitiveTest"/>
  <testcase name="testName" time="0.000" classname="org.dellroad.stuff.java.PrimitiveTest"/>
  <testcase name="testName" time="0.000" classname="org.dellroad.stuff.java.PrimitiveTest"/>
  <testcase name="testName" time="0.000" classname="org.dellroad.stuff.java.PrimitiveTest"/>
  <testcase name="testName" time="0.000" classname="org.dellroad.stuff.java.PrimitiveTest"/>
  <testcase name="testPrimitive" time="0.000" classname="org.dellroad.stuff.java.PrimitiveTest"/>
  <testcase name="testPrimitiveParse" time="0.000" classname="org.dellroad.stuff.java.PrimitiveTest"/>
  <testcase name="testName" time="0.000" classname="org.dellroad.stuff.java.PrimitiveTest"/>
  <testcase name="testPrimitive" time="0.376" classname="org.dellroad.stuff.java.PrimitiveTest"/>
  <testcase name="testPrimitive" time="0.043" classname="org.dellroad.stuff.java.PrimitiveTest"/>
  <testcase name="testPrimitiveParse" time="0.000" classname="org.dellroad.stuff.java.PrimitiveTest"/>
  <testcase name="testName" time="0.000" classname="org.dellroad.stuff.java.PrimitiveTest"/>
  <testcase name="testPrimitiveParse" time="0.000" classname="org.dellroad.stuff.java.PrimitiveTest"/>
  <testcase name="testPrimitive" time="0.001" classname="org.dellroad.stuff.java.PrimitiveTest"/>
  <testcase name="testPrimitive" time="0.055" classname="org.dellroad.stuff.java.PrimitiveTest"/>
  <testcase name="testPrimitiveParse" time="0.001" classname="org.dellroad.stuff.java.PrimitiveTest"/>
  <testcase name="testName" time="0.001" classname="org.dellroad.stuff.java.PrimitiveTest"/>
  <testcase name="testName" time="0.000" classname="org.dellroad.stuff.java.PrimitiveTest"/>
  <testcase name="testName" time="0.000" classname="org.dellroad.stuff.java.PrimitiveTest"/>
  <testcase name="testPrimitiveParse" time="0.000" classname="org.dellroad.stuff.java.PrimitiveTest"/>
  <testcase name="testPrimitiveParse" time="0.000" classname="org.dellroad.stuff.java.PrimitiveTest"/>
  <testcase name="testPrimitive" time="0.003" classname="org.dellroad.stuff.java.PrimitiveTest"/>
  <testcase name="testName" time="0.000" classname="org.dellroad.stuff.java.PrimitiveTest"/>
</testsuite> <!-- org.dellroad.stuff.java.PrimitiveTest -->
