<?xml version="1.0" encoding="UTF-8"?>
<!-- Generated by org.testng.reporters.JUnitReportReporter -->
<testsuite hostname="retina.dellroad.org" name="org.dellroad.stuff.pobj.PersistentObjectTest" tests="2" failures="0" timestamp="24 Aug 2015 15:22:26 GMT" time="0.343" errors="0">
  <testcase name="testErrorUpdate" time="0.272" classname="org.dellroad.stuff.pobj.PersistentObjectTest"/>
  <testcase name="testBasic" time="0.071" classname="org.dellroad.stuff.pobj.PersistentObjectTest"/>
</testsuite> <!-- org.dellroad.stuff.pobj.PersistentObjectTest -->
