<?xml version="1.0" encoding="UTF-8"?>
<!-- Generated by org.testng.reporters.JUnitReportReporter -->
<testsuite hostname="retina.dellroad.org" name="org.dellroad.stuff.xml.EmptyTagXMLStreamWriterTest" tests="3" failures="0" timestamp="24 Aug 2015 15:22:26 GMT" time="0.016" errors="0">
  <testcase name="testEmptyTag" time="0.005" classname="org.dellroad.stuff.xml.EmptyTagXMLStreamWriterTest"/>
  <testcase name="testEmptyTag" time="0.003" classname="org.dellroad.stuff.xml.EmptyTagXMLStreamWriterTest"/>
  <testcase name="testEmptyTag" time="0.008" classname="org.dellroad.stuff.xml.EmptyTagXMLStreamWriterTest"/>
</testsuite> <!-- org.dellroad.stuff.xml.EmptyTagXMLStreamWriterTest -->
