<?xml version="1.0" encoding="UTF-8"?>
<!-- Generated by org.testng.reporters.JUnitReportReporter -->
<testsuite hostname="retina.dellroad.org" name="org.dellroad.stuff.validation.SelfValidatingTest" tests="1" failures="0" timestamp="12 Feb 2016 22:11:04 GMT" time="0.052" errors="0">
  <testcase name="testValidation" time="0.052" classname="org.dellroad.stuff.validation.SelfValidatingTest"/>
</testsuite> <!-- org.dellroad.stuff.validation.SelfValidatingTest -->
