<?xml version="1.0" encoding="UTF-8"?>
<!-- Generated by org.testng.reporters.JUnitReportReporter -->
<testsuite hostname="retina.dellroad.org" name="org.dellroad.stuff.pobj.UpdatesXMLStreamTest" tests="3" failures="0" timestamp="12 Feb 2016 22:11:04 GMT" time="0.033" errors="0">
  <testcase name="test" time="0.008" classname="org.dellroad.stuff.pobj.UpdatesXMLStreamTest"/>
  <testcase name="test" time="0.017" classname="org.dellroad.stuff.pobj.UpdatesXMLStreamTest"/>
  <testcase name="test" time="0.008" classname="org.dellroad.stuff.pobj.UpdatesXMLStreamTest"/>
</testsuite> <!-- org.dellroad.stuff.pobj.UpdatesXMLStreamTest -->
