<?xml version="1.0" encoding="UTF-8"?>
<!-- Generated by org.testng.reporters.JUnitReportReporter -->
<testsuite hostname="retina.dellroad.org" name="org.dellroad.stuff.string.StringEncoderTest" tests="39" failures="0" timestamp="10 Sep 2015 22:16:25 GMT" time="0.561" errors="0">
  <testcase name="testStringEncode" time="0.000" classname="org.dellroad.stuff.string.StringEncoderTest"/>
  <testcase name="testStringEncode" time="0.000" classname="org.dellroad.stuff.string.StringEncoderTest"/>
  <testcase name="testStringEncode" time="0.001" classname="org.dellroad.stuff.string.StringEncoderTest"/>
  <testcase name="testStringEnquote" time="0.000" classname="org.dellroad.stuff.string.StringEncoderTest"/>
  <testcase name="testEnquotedLength" time="0.000" classname="org.dellroad.stuff.string.StringEncoderTest"/>
  <testcase name="testEnquotedLength" time="0.000" classname="org.dellroad.stuff.string.StringEncoderTest"/>
  <testcase name="testStringEnquote" time="0.000" classname="org.dellroad.stuff.string.StringEncoderTest"/>
  <testcase name="testStringEncode" time="0.000" classname="org.dellroad.stuff.string.StringEncoderTest"/>
  <testcase name="testStringEncode" time="0.000" classname="org.dellroad.stuff.string.StringEncoderTest"/>
  <testcase name="testStringEnquote" time="0.000" classname="org.dellroad.stuff.string.StringEncoderTest"/>
  <testcase name="testStringEncode" time="0.000" classname="org.dellroad.stuff.string.StringEncoderTest"/>
  <testcase name="testEnquotedLength" time="0.001" classname="org.dellroad.stuff.string.StringEncoderTest"/>
  <testcase name="testEnquotedLength" time="0.000" classname="org.dellroad.stuff.string.StringEncoderTest"/>
  <testcase name="testStringEncode" time="0.000" classname="org.dellroad.stuff.string.StringEncoderTest"/>
  <testcase name="testStringEnquote" time="0.000" classname="org.dellroad.stuff.string.StringEncoderTest"/>
  <testcase name="testStringEncode" time="0.000" classname="org.dellroad.stuff.string.StringEncoderTest"/>
  <testcase name="testStringEncode" time="0.000" classname="org.dellroad.stuff.string.StringEncoderTest"/>
  <testcase name="testStringEncode" time="0.000" classname="org.dellroad.stuff.string.StringEncoderTest"/>
  <testcase name="testEnquotedLength" time="0.000" classname="org.dellroad.stuff.string.StringEncoderTest"/>
  <testcase name="testRandom" time="0.557" classname="org.dellroad.stuff.string.StringEncoderTest"/>
  <testcase name="testStringEncode" time="0.000" classname="org.dellroad.stuff.string.StringEncoderTest"/>
  <testcase name="testStringEnquote" time="0.000" classname="org.dellroad.stuff.string.StringEncoderTest"/>
  <testcase name="testStringEncode" time="0.000" classname="org.dellroad.stuff.string.StringEncoderTest"/>
  <testcase name="testStringEncode" time="0.000" classname="org.dellroad.stuff.string.StringEncoderTest"/>
  <testcase name="testStringEncode" time="0.000" classname="org.dellroad.stuff.string.StringEncoderTest"/>
  <testcase name="testStringEnquote" time="0.000" classname="org.dellroad.stuff.string.StringEncoderTest"/>
  <testcase name="testStringEnquote" time="0.000" classname="org.dellroad.stuff.string.StringEncoderTest"/>
  <testcase name="testStringEnquote" time="0.000" classname="org.dellroad.stuff.string.StringEncoderTest"/>
  <testcase name="testStringEncode" time="0.000" classname="org.dellroad.stuff.string.StringEncoderTest"/>
  <testcase name="testEnquotedLength" time="0.000" classname="org.dellroad.stuff.string.StringEncoderTest"/>
  <testcase name="testStringEncode" time="0.000" classname="org.dellroad.stuff.string.StringEncoderTest"/>
  <testcase name="testStringEncode" time="0.000" classname="org.dellroad.stuff.string.StringEncoderTest"/>
  <testcase name="testStringEncode" time="0.000" classname="org.dellroad.stuff.string.StringEncoderTest"/>
  <testcase name="testStringEncode" time="0.000" classname="org.dellroad.stuff.string.StringEncoderTest"/>
  <testcase name="testStringEncode" time="0.000" classname="org.dellroad.stuff.string.StringEncoderTest"/>
  <testcase name="testStringEncode" time="0.001" classname="org.dellroad.stuff.string.StringEncoderTest"/>
  <testcase name="testEnquotedLength" time="0.000" classname="org.dellroad.stuff.string.StringEncoderTest"/>
  <testcase name="testEnquotedLength" time="0.001" classname="org.dellroad.stuff.string.StringEncoderTest"/>
  <testcase name="testStringEncode" time="0.000" classname="org.dellroad.stuff.string.StringEncoderTest"/>
</testsuite> <!-- org.dellroad.stuff.string.StringEncoderTest -->
