<?xml version="1.0" encoding="UTF-8"?>
<!-- Generated by org.testng.reporters.JUnitReportReporter -->
<testsuite hostname="retina.dellroad.org" name="org.dellroad.stuff.pobj.UpdatesXMLStreamTest" tests="3" failures="0" timestamp="10 Sep 2015 22:16:25 GMT" time="0.031" errors="0">
  <testcase name="test" time="0.009" classname="org.dellroad.stuff.pobj.UpdatesXMLStreamTest"/>
  <testcase name="test" time="0.012" classname="org.dellroad.stuff.pobj.UpdatesXMLStreamTest"/>
  <testcase name="test" time="0.010" classname="org.dellroad.stuff.pobj.UpdatesXMLStreamTest"/>
</testsuite> <!-- org.dellroad.stuff.pobj.UpdatesXMLStreamTest -->
