<?xml version="1.0" encoding="UTF-8"?>
<!-- Generated by org.testng.reporters.JUnitReportReporter -->
<testsuite hostname="retina.dellroad.org" name="org.dellroad.stuff.xml.IndentXMLStreamWriterTest" tests="7" failures="0" timestamp="29 Sep 2015 22:33:37 GMT" time="0.021" errors="0">
  <testcase name="testIndent" time="0.003" classname="org.dellroad.stuff.xml.IndentXMLStreamWriterTest"/>
  <testcase name="testIndent" time="0.002" classname="org.dellroad.stuff.xml.IndentXMLStreamWriterTest"/>
  <testcase name="testIndent" time="0.002" classname="org.dellroad.stuff.xml.IndentXMLStreamWriterTest"/>
  <testcase name="testIndent" time="0.003" classname="org.dellroad.stuff.xml.IndentXMLStreamWriterTest"/>
  <testcase name="testIndent" time="0.003" classname="org.dellroad.stuff.xml.IndentXMLStreamWriterTest"/>
  <testcase name="testIndent" time="0.003" classname="org.dellroad.stuff.xml.IndentXMLStreamWriterTest"/>
  <testcase name="testIndent" time="0.005" classname="org.dellroad.stuff.xml.IndentXMLStreamWriterTest"/>
</testsuite> <!-- org.dellroad.stuff.xml.IndentXMLStreamWriterTest -->
