<?xml version="1.0" encoding="UTF-8"?>
<!-- Generated by org.testng.reporters.JUnitReportReporter -->
<testsuite hostname="retina.dellroad.org" name="org.dellroad.stuff.java.ThreadLocalHolderTest" tests="1" failures="0" timestamp="25 Aug 2015 16:17:32 GMT" time="0.001" errors="0">
  <testcase name="testThreadLocalHolder" time="0.001" classname="org.dellroad.stuff.java.ThreadLocalHolderTest"/>
</testsuite> <!-- org.dellroad.stuff.java.ThreadLocalHolderTest -->
