<?xml version="1.0" encoding="UTF-8"?>
<!-- Generated by org.testng.reporters.JUnitReportReporter -->
<testsuite hostname="retina.dellroad.org" name="org.dellroad.stuff.pobj.UpdatesXMLStreamTest" tests="3" failures="0" timestamp="24 Aug 2015 15:22:26 GMT" time="0.028" errors="0">
  <testcase name="test" time="0.008" classname="org.dellroad.stuff.pobj.UpdatesXMLStreamTest"/>
  <testcase name="test" time="0.008" classname="org.dellroad.stuff.pobj.UpdatesXMLStreamTest"/>
  <testcase name="test" time="0.012" classname="org.dellroad.stuff.pobj.UpdatesXMLStreamTest"/>
</testsuite> <!-- org.dellroad.stuff.pobj.UpdatesXMLStreamTest -->
