<?xml version="1.0" encoding="UTF-8"?>
<!-- Generated by org.testng.reporters.JUnitReportReporter -->
<testsuite hostname="retina.dellroad.org" name="org.dellroad.stuff.java.ProcessRunnerTest" tests="1" failures="0" timestamp="10 Sep 2015 22:16:25 GMT" time="0.031" errors="0">
  <testcase name="testProcessRunner" time="0.031" classname="org.dellroad.stuff.java.ProcessRunnerTest"/>
</testsuite> <!-- org.dellroad.stuff.java.ProcessRunnerTest -->
