<?xml version="1.0" encoding="UTF-8"?>
<!-- Generated by org.testng.reporters.JUnitReportReporter -->
<testsuite hostname="retina.dellroad.org" name="org.dellroad.stuff.string.VersionComparatorTest" tests="76" failures="0" timestamp="12 Feb 2016 22:11:04 GMT" time="0.017" errors="0">
  <testcase name="compareVersions" time="0.000" classname="org.dellroad.stuff.string.VersionComparatorTest"/>
  <testcase name="compareVersions" time="0.001" classname="org.dellroad.stuff.string.VersionComparatorTest"/>
  <testcase name="compareVersions" time="0.000" classname="org.dellroad.stuff.string.VersionComparatorTest"/>
  <testcase name="compareVersions" time="0.001" classname="org.dellroad.stuff.string.VersionComparatorTest"/>
  <testcase name="compareVersions" time="0.000" classname="org.dellroad.stuff.string.VersionComparatorTest"/>
  <testcase name="compareVersions" time="0.000" classname="org.dellroad.stuff.string.VersionComparatorTest"/>
  <testcase name="compareVersions" time="0.000" classname="org.dellroad.stuff.string.VersionComparatorTest"/>
  <testcase name="compareVersions" time="0.001" classname="org.dellroad.stuff.string.VersionComparatorTest"/>
  <testcase name="compareVersions" time="0.000" classname="org.dellroad.stuff.string.VersionComparatorTest"/>
  <testcase name="compareVersions" time="0.001" classname="org.dellroad.stuff.string.VersionComparatorTest"/>
  <testcase name="compareVersions" time="0.000" classname="org.dellroad.stuff.string.VersionComparatorTest"/>
  <testcase name="compareVersions" time="0.000" classname="org.dellroad.stuff.string.VersionComparatorTest"/>
  <testcase name="compareVersions" time="0.001" classname="org.dellroad.stuff.string.VersionComparatorTest"/>
  <testcase name="compareVersions" time="0.000" classname="org.dellroad.stuff.string.VersionComparatorTest"/>
  <testcase name="compareVersions" time="0.000" classname="org.dellroad.stuff.string.VersionComparatorTest"/>
  <testcase name="compareVersions" time="0.000" classname="org.dellroad.stuff.string.VersionComparatorTest"/>
  <testcase name="compareVersions" time="0.000" classname="org.dellroad.stuff.string.VersionComparatorTest"/>
  <testcase name="compareVersions" time="0.001" classname="org.dellroad.stuff.string.VersionComparatorTest"/>
  <testcase name="compareVersions" time="0.000" classname="org.dellroad.stuff.string.VersionComparatorTest"/>
  <testcase name="compareVersions" time="0.000" classname="org.dellroad.stuff.string.VersionComparatorTest"/>
  <testcase name="compareVersions" time="0.001" classname="org.dellroad.stuff.string.VersionComparatorTest"/>
  <testcase name="compareVersions" time="0.000" classname="org.dellroad.stuff.string.VersionComparatorTest"/>
  <testcase name="compareVersions" time="0.000" classname="org.dellroad.stuff.string.VersionComparatorTest"/>
  <testcase name="compareVersions" time="0.000" classname="org.dellroad.stuff.string.VersionComparatorTest"/>
  <testcase name="compareVersions" time="0.000" classname="org.dellroad.stuff.string.VersionComparatorTest"/>
  <testcase name="compareVersions" time="0.000" classname="org.dellroad.stuff.string.VersionComparatorTest"/>
  <testcase name="compareVersions" time="0.000" classname="org.dellroad.stuff.string.VersionComparatorTest"/>
  <testcase name="compareVersions" time="0.000" classname="org.dellroad.stuff.string.VersionComparatorTest"/>
  <testcase name="compareVersions" time="0.001" classname="org.dellroad.stuff.string.VersionComparatorTest"/>
  <testcase name="compareVersions" time="0.000" classname="org.dellroad.stuff.string.VersionComparatorTest"/>
  <testcase name="compareVersions" time="0.000" classname="org.dellroad.stuff.string.VersionComparatorTest"/>
  <testcase name="compareVersions" time="0.001" classname="org.dellroad.stuff.string.VersionComparatorTest"/>
  <testcase name="compareVersions" time="0.000" classname="org.dellroad.stuff.string.VersionComparatorTest"/>
  <testcase name="compareVersions" time="0.000" classname="org.dellroad.stuff.string.VersionComparatorTest"/>
  <testcase name="compareVersions" time="0.000" classname="org.dellroad.stuff.string.VersionComparatorTest"/>
  <testcase name="compareVersions" time="0.000" classname="org.dellroad.stuff.string.VersionComparatorTest"/>
  <testcase name="compareVersions" time="0.000" classname="org.dellroad.stuff.string.VersionComparatorTest"/>
  <testcase name="compareVersions" time="0.000" classname="org.dellroad.stuff.string.VersionComparatorTest"/>
  <testcase name="compareVersions" time="0.000" classname="org.dellroad.stuff.string.VersionComparatorTest"/>
  <testcase name="compareVersions" time="0.000" classname="org.dellroad.stuff.string.VersionComparatorTest"/>
  <testcase name="compareVersions" time="0.000" classname="org.dellroad.stuff.string.VersionComparatorTest"/>
  <testcase name="compareVersions" time="0.000" classname="org.dellroad.stuff.string.VersionComparatorTest"/>
  <testcase name="compareVersions" time="0.000" classname="org.dellroad.stuff.string.VersionComparatorTest"/>
  <testcase name="compareVersions" time="0.001" classname="org.dellroad.stuff.string.VersionComparatorTest"/>
  <testcase name="compareVersions" time="0.000" classname="org.dellroad.stuff.string.VersionComparatorTest"/>
  <testcase name="compareVersions" time="0.000" classname="org.dellroad.stuff.string.VersionComparatorTest"/>
  <testcase name="compareVersions" time="0.001" classname="org.dellroad.stuff.string.VersionComparatorTest"/>
  <testcase name="compareVersions" time="0.001" classname="org.dellroad.stuff.string.VersionComparatorTest"/>
  <testcase name="compareVersions" time="0.000" classname="org.dellroad.stuff.string.VersionComparatorTest"/>
  <testcase name="compareVersions" time="0.000" classname="org.dellroad.stuff.string.VersionComparatorTest"/>
  <testcase name="compareVersions" time="0.000" classname="org.dellroad.stuff.string.VersionComparatorTest"/>
  <testcase name="compareVersions" time="0.001" classname="org.dellroad.stuff.string.VersionComparatorTest"/>
  <testcase name="compareVersions" time="0.000" classname="org.dellroad.stuff.string.VersionComparatorTest"/>
  <testcase name="compareVersions" time="0.000" classname="org.dellroad.stuff.string.VersionComparatorTest"/>
  <testcase name="compareVersions" time="0.000" classname="org.dellroad.stuff.string.VersionComparatorTest"/>
  <testcase name="compareVersions" time="0.000" classname="org.dellroad.stuff.string.VersionComparatorTest"/>
  <testcase name="compareVersions" time="0.000" classname="org.dellroad.stuff.string.VersionComparatorTest"/>
  <testcase name="compareVersions" time="0.000" classname="org.dellroad.stuff.string.VersionComparatorTest"/>
  <testcase name="compareVersions" time="0.001" classname="org.dellroad.stuff.string.VersionComparatorTest"/>
  <testcase name="compareVersions" time="0.000" classname="org.dellroad.stuff.string.VersionComparatorTest"/>
  <testcase name="compareVersions" time="0.000" classname="org.dellroad.stuff.string.VersionComparatorTest"/>
  <testcase name="compareVersions" time="0.000" classname="org.dellroad.stuff.string.VersionComparatorTest"/>
  <testcase name="compareVersions" time="0.000" classname="org.dellroad.stuff.string.VersionComparatorTest"/>
  <testcase name="compareVersions" time="0.000" classname="org.dellroad.stuff.string.VersionComparatorTest"/>
  <testcase name="compareVersions" time="0.000" classname="org.dellroad.stuff.string.VersionComparatorTest"/>
  <testcase name="compareVersions" time="0.000" classname="org.dellroad.stuff.string.VersionComparatorTest"/>
  <testcase name="compareVersions" time="0.000" classname="org.dellroad.stuff.string.VersionComparatorTest"/>
  <testcase name="compareVersions" time="0.000" classname="org.dellroad.stuff.string.VersionComparatorTest"/>
  <testcase name="compareVersions" time="0.001" classname="org.dellroad.stuff.string.VersionComparatorTest"/>
  <testcase name="compareVersions" time="0.001" classname="org.dellroad.stuff.string.VersionComparatorTest"/>
  <testcase name="compareVersions" time="0.001" classname="org.dellroad.stuff.string.VersionComparatorTest"/>
  <testcase name="compareVersions" time="0.000" classname="org.dellroad.stuff.string.VersionComparatorTest"/>
  <testcase name="compareVersions" time="0.000" classname="org.dellroad.stuff.string.VersionComparatorTest"/>
  <testcase name="compareVersions" time="0.000" classname="org.dellroad.stuff.string.VersionComparatorTest"/>
  <testcase name="compareVersions" time="0.000" classname="org.dellroad.stuff.string.VersionComparatorTest"/>
  <testcase name="compareVersions" time="0.000" classname="org.dellroad.stuff.string.VersionComparatorTest"/>
</testsuite> <!-- org.dellroad.stuff.string.VersionComparatorTest -->
