<?xml version="1.0" encoding="UTF-8"?>
<!-- Generated by org.testng.reporters.JUnitReportReporter -->
<testsuite hostname="retina.dellroad.org" name="org.dellroad.stuff.java.PrimitiveTest" tests="22" failures="0" timestamp="25 Aug 2015 16:17:32 GMT" time="0.922" errors="0">
  <testcase name="testPrimitive" time="0.287" classname="org.dellroad.stuff.java.PrimitiveTest"/>
  <testcase name="testName" time="0.000" classname="org.dellroad.stuff.java.PrimitiveTest"/>
  <testcase name="testName" time="0.000" classname="org.dellroad.stuff.java.PrimitiveTest"/>
  <testcase name="testName" time="0.001" classname="org.dellroad.stuff.java.PrimitiveTest"/>
  <testcase name="testName" time="0.000" classname="org.dellroad.stuff.java.PrimitiveTest"/>
  <testcase name="testPrimitive" time="0.082" classname="org.dellroad.stuff.java.PrimitiveTest"/>
  <testcase name="testPrimitive" time="0.004" classname="org.dellroad.stuff.java.PrimitiveTest"/>
  <testcase name="testName" time="0.000" classname="org.dellroad.stuff.java.PrimitiveTest"/>
  <testcase name="testPrimitive" time="0.101" classname="org.dellroad.stuff.java.PrimitiveTest"/>
  <testcase name="testName" time="0.000" classname="org.dellroad.stuff.java.PrimitiveTest"/>
  <testcase name="testPrimitive" time="0.046" classname="org.dellroad.stuff.java.PrimitiveTest"/>
  <testcase name="testName" time="0.000" classname="org.dellroad.stuff.java.PrimitiveTest"/>
  <testcase name="testName" time="0.000" classname="org.dellroad.stuff.java.PrimitiveTest"/>
  <testcase name="testPrimitive" time="0.000" classname="org.dellroad.stuff.java.PrimitiveTest"/>
  <testcase name="testName" time="0.000" classname="org.dellroad.stuff.java.PrimitiveTest"/>
  <testcase name="testPrimitive" time="0.361" classname="org.dellroad.stuff.java.PrimitiveTest"/>
  <testcase name="testName" time="0.000" classname="org.dellroad.stuff.java.PrimitiveTest"/>
  <testcase name="testPrimitive" time="0.040" classname="org.dellroad.stuff.java.PrimitiveTest"/>
  <testcase name="testName" time="0.000" classname="org.dellroad.stuff.java.PrimitiveTest"/>
  <testcase name="testName" time="0.000" classname="org.dellroad.stuff.java.PrimitiveTest"/>
  <testcase name="testName" time="0.000" classname="org.dellroad.stuff.java.PrimitiveTest"/>
  <testcase name="testPrimitive" time="0.000" classname="org.dellroad.stuff.java.PrimitiveTest"/>
</testsuite> <!-- org.dellroad.stuff.java.PrimitiveTest -->
